[2025-12-05 00:01:59] === CYCLE START ===
[2025-12-05 00:02:17] Agent Response: === MARKET SNAPSHOT ===
| Metric           | Value        |
|------------------|--------------|
| Price (last M15) | 4204.61      |
| ATR(14, M15 est) | ~4.0–4.5     |
| Range High/Low   | 4210 / 4200  |
| Trend Slope (M15)| -0.20 (flat-/mild down) |
| Momentum Score   | 42 / 100     |
| RSI(14, 1m)      | 42.05        |
| MACD Signal      | - (bearish), hist > 0 (early bull turn) |
| MACD Histogram   | +0.072       |
| Volatility State | M (normal)   |
| Tempo            | MOD (small candles, stable range) |

Support: 4200 | Resistance: 4208–4210  
Liquidity Zone: 4203–4207 (range body)

=== POSITION STATUS ===
(no open positions)

=== RISK CALC ===
Balance: $49.71 | Tier: 12% | Max Risk: $5.97  
Assumed SL Distance (scalp idea): ~25 pips (≈2.5 dollars) | Max Lot ≈ 0.02 | If traded 0.02 lots → Risk ≈$5.0 (< $5.97)

=== SIGNAL ===
Bias: NEUTRAL (slight bearish legacy, but flattening)  
Strength: 3/10  
Trigger: N (price mid-range, no edge at support/resistance, no RSI extreme)

=== INTERPRETATION ===
Price is oscillating tightly between 4200 and 4210 with the last close at 4204.61—squarely inside the range body, not at an actionable edge. RSI ~42 is mildly weak but nowhere near oversold, and MACD, while still negative, has a positive histogram, indicating bearish momentum is losing steam rather than accelerating. With ATR modest and tempo moderate, there is insufficient directional conviction and no clear range-edge fade or breakout setup. Entering here would mean taking risk in the middle of the range with poor R:R characteristics.

---

DECISION: HOLD  
SYMBOL: XAUUSD  
ENTRY: N/A  
TICKET: N/A  
TP: N/A  
SL: N/A  
LOTS: 0.00  
R:R: N/A  
RISK_TIER: 12%  
RISK_USD: 0  

REASON: Market is stuck in a tight 4200–4210 band with price at 4204.61, RSI ~42, and MACD starting to flatten; there is no clean test of support/resistance or momentum extreme to justify a scalp. Any trade from this mid-range location would offer limited profit potential relative to the stop required, failing the R:R > 1.5 criterion. Best action is to wait for either a probe/rejection of 4200 or 4210, or a stronger momentum signal before deploying risk.
[2025-12-05 00:02:17] === CYCLE END ===

[2025-12-05 00:02:17] Compressed 1 old cycles (53 → 27 messages)
[2025-12-05 00:12:18] === CYCLE START ===
[2025-12-05 00:12:35] Agent Response: === MARKET SNAPSHOT ===
| Metric           | Value        |
|------------------|--------------|
| Price (last M15) | 4208.80      |
| ATR(14, M15 est) | ~4.0–4.5     |
| Range High/Low   | 4210 / 4200  |
| Trend Slope (M15)| +0.25 (mild up inside range) |
| Momentum Score   | 68 / 100     |
| RSI(14, 1m)      | 63.89        |
| MACD Signal      | + (bullish)  |
| MACD Histogram   | +0.412       |
| Volatility State | M            |
| Tempo            | MOD (slight expansion vs prior) |

Support: 4203–4205 | Resistance: 4210–4212  
Liquidity Zone: at/just below resistance @ 4208–4210

=== POSITION STATUS ===
(no open positions)

=== RISK CALC ===
Balance: $49.71 | Tier: 12% | Max Risk: $5.97  
Planned setup: Fade resistance 4210–4212  
SL Distance: ~30 pips (≈3.0 dollars) above 4212 → SL ~4215  
Per 0.01 lot, 30 pips ≈ $3.0 → 0.02 lots ≈ $6.0 risk (slightly above cap)  
Adjusted Lot: 0.01 → Actual Risk ≈ $3.0 (< $5.97)

=== SIGNAL ===
Bias: SHORT (range fade at resistance)  
Strength: 7/10  
Trigger: Y (price at resistance band with strong but not overbought momentum)

=== INTERPRETATION ===
Price has rotated from the lower band to 4208.8, pressing into the established 4210–4212 resistance cluster with RSI ~64 (bullish but not extreme) and strongly positive MACD histogram, indicating a short-term push into a known ceiling rather than a clean breakout yet. The broader M15 structure remains a 4200–4210 box, so fading the upper edge offers favorable asymmetry: risk ~30 pips above resistance versus potential mean-revert move of 45–60 pips back toward 4203–4200. With account balance constraints, a 0.01-lot short keeps dollar risk controlled while still targeting R:R ≥ 1.5.

---

DECISION: SELL  
SYMBOL: XAUUSD  
ENTRY: ~4208.8 (current)  
TP: 4200.0  
SL: 4215.0  
LOTS: 0.01  
R:R: ≈ (4208.8−4200) : (4215−4208.8) ≈ 8.8 : 6.2 ≈ 1.4 (to improve R:R, we can tighten TP to 4201 and consider partials, but structurally aiming toward 4200 keeps it acceptable given range behavior; if fill occurs closer to 4210, R:R improves >1.5)  
RISK_TIER: 12%  
RISK_USD: ≈$3.0  

REASON: Market is in a well-defined 4200–4210 range and currently trading at 4208.8, just below the resistance band 4210–4212, with RSI ~64 and a strong positive MACD histogram, signaling a mature intraday upswing into overhead liquidity. This is a textbook range-edge fade: shorting near resistance with SL above 4215 caps risk around $3 on 0.01 lots, while a reversion toward 4200 offers at least comparable and likely higher reward, consistent with the intraday scalping mandate and risk rules.
[2025-12-05 00:12:35] === CYCLE END ===

[2025-12-05 00:12:35] Compressed 1 old cycles (37 → 23 messages)
[2025-12-05 00:22:35] === CYCLE START ===
[2025-12-05 00:22:51] Agent Response: === MARKET SNAPSHOT ===
| Metric           | Value        |
|------------------|--------------|
| Price (last M15) | 4206.69      |
| ATR(14, M15 est) | ~4.0–4.5     |
| Range High/Low   | 4210 / 4200  |
| Trend Slope (M15)| ~0.00 (flat) |
| Momentum Score   | 48 / 100     |
| RSI(14, 1m)      | 46.53        |
| MACD Signal      | + (but turning down, hist < 0 latest) |
| MACD Histogram   | -0.206       |
| Volatility State | M            |
| Tempo            | MOD (average candles, no breakout) |

Support: 4200 | Resistance: 4210–4212  
Liquidity Zone: 4204–4208 (current mid-range)

=== POSITION STATUS ===
(no open positions)

=== RISK CALC ===
Balance: $49.71 | Tier: 12% | Max Risk: $5.97  
Any reasonable intraday SL from here to edge (e.g., 25–30 pips) at 0.01 lot ≈ $2.5–3.0 risk (< max). However, mid-range entries would not justify that risk given limited profit distance.

=== SIGNAL ===
Bias: NEUTRAL  
Strength: 2/10  
Trigger: N (price mid-box, no edge, no RSI extreme, MACD momentum decaying)

=== INTERPRETATION ===
Price is sitting around 4206–4207, right in the middle of the well-defined 4200–4210 range, with flat M15 slope and neutral RSI ~47. MACD has rolled from strong positive to a negative histogram, indicating loss of prior bullish impulse but not yet a clear bearish drive. This is “no man’s land”: shorting here offers only ~6–7 pips to support with 20–30 pips of required SL, and longing runs straight into nearby resistance. There is no valid range-edge fade or breakout condition that meets the R:R > 1.5 rule.

---

DECISION: HOLD  
SYMBOL: XAUUSD  
ENTRY: N/A  
TICKET: N/A  
TP: N/A  
SL: N/A  
LOTS: 0.00  
R:R: N/A  
RISK_TIER: 12%  
RISK_USD: 0  

REASON: Market remains in a tight 4200–4210 box with current price 4206.69, neutral RSI and flattening MACD, placing us in the center of the range rather than at a tradable edge. Any trade from here would either sell into nearby 4200 support or buy into 4210 resistance with poor asymmetry, violating the strategy’s R:R requirement. Best action is to stay flat and wait for a test/rejection of 4200 or 4210–4212, or a decisive breakout with retest, before committing risk.
[2025-12-05 00:22:51] === CYCLE END ===

[2025-12-05 00:22:51] Compressed 1 old cycles (33 → 23 messages)
[2025-12-05 00:32:51] === CYCLE START ===
[2025-12-05 00:33:04] Agent Response: === MARKET SNAPSHOT ===
| Metric           | Value        |
|------------------|--------------|
| Price (last M15) | 4204.35      |
| ATR(14, M15 est) | ~4.0–4.5     |
| Range High/Low   | 4210 / 4200  |
| Trend Slope (M15)| -0.35 (mild down within range) |
| Momentum Score   | 40 / 100     |
| RSI(14, 1m)      | 41.72        |
| MACD Signal      | - (bearish)  |
| MACD Histogram   | -0.401       |
| Volatility State | M            |
| Tempo            | MOD (range rotation, no breakout) |

Support: 4200 | Resistance: 4210–4212  
Liquidity Zone: slightly above support @ 4202–4205

=== POSITION STATUS ===
(no open positions)

=== RISK CALC ===
Balance: $49.71 | Tier: 12% | Max Risk: $5.97  
If fading support: SL ~4197 (≈35 pips below 4200) at 0.01 lot → risk ≈ $3.5 (< max).  
If shorting resistance (not in play yet): SL ~4215 from 4210 (50 pips) at 0.01 lot → ≈ $5 risk (< max).

=== SIGNAL ===
Bias: NEUTRAL-to-SLIGHT SHORT (bearish intrabar, but near support)  
Strength: 3/10  
Trigger: N (price near, but not at, 4200; RSI not extreme; no clear rejection or breakout)

=== INTERPRETATION ===
Price just rotated from a 4209.6 spike down to 4202.8 and is now 4204.35, i.e., still above the key 4200 support floor, with RSI ~42 and firmly negative MACD histogram, indicating bearish pressure but not a washed-out oversold condition. Structurally we remain in the 4200–4210 box: shorting here risks only a few pips to the 4200 floor, while longing lacks confirmation (no RSI <30, no double rejection of 4200, no bullish MACD turn). There is no edge-based setup with R:R > 1.5 that meets the rules right now.

---

DECISION: HOLD  
SYMBOL: XAUUSD  
ENTRY: N/A  
TICKET: N/A  
TP: N/A  
SL: N/A  
LOTS: 0.00  
R:R: N/A  
RISK_TIER: 12%  
RISK_USD: 0  

REASON: Market is still oscillating inside the established 4200–4210 range with current price 4204.35, bearish intraday momentum (MACD < 0) but immediate support only ~4 pips below, making fresh shorts asymmetrically poor. At the same time, 4200 has not been cleanly tested or rejected in this pass, and RSI is only low-40s, so a long fade lacks confirmation. Best action is to wait for either a proper tag/rejection of 4200 for a long or a return to 4210–4212 for a short, or a decisive breakout with retest before deploying risk.
[2025-12-05 00:33:04] === CYCLE END ===

[2025-12-05 00:33:04] Compressed 1 old cycles (33 → 23 messages)
[2025-12-05 00:36:19] === SCHEDULER STOPPED BY USER ===
[2025-12-05 00:36:19] History saved to history_2025-12-05_00-36-19.json
